2023-04-14T04:47:46.872Z [http] GET /api/v1/products 200 - 63.750 ms

2023-04-14T04:48:24.517Z [http] GET /api/v1/products 200 - 78.393 ms

2023-04-14T04:51:44.614Z [http] GET /api/v1/products 200 - 66.909 ms [Payload]: {}

2023-04-14T04:52:01.276Z [http] GET /api/v1/products 200 - 3.476 ms [Payload]: {"a":1}

2023-04-22T03:39:06.152Z [http] POST /api/v1/auth/login 200 - 202.294 ms [Payload]: {"email":"admin@allcarebusiness.com","password":"admin2023"}

2023-04-22T03:45:02.283Z [http] GET /api/v1/products 403 - 13.537 ms [Payload]: {}

2023-04-22T03:45:26.054Z [http] GET /api/v1/products 200 - 144.136 ms [Payload]: {}

2023-04-22T13:40:32.816Z [http] GET /api/v1/products 200 - 4030.568 ms [Payload]: {}

2023-04-22T13:41:46.160Z [http] GET /api/v1/products 200 - 4192.646 ms [Payload]: {}

2023-04-22T13:42:30.364Z [http] GET /api/v1/products 200 - 3884.127 ms [Payload]: {}

2023-04-22T13:53:44.161Z [http] GET /api/v1/products 200 - 16.101 ms [Payload]: {}

2023-04-22T13:54:01.109Z [http] GET /api/v1/products 200 - 53.640 ms [Payload]: {}

2023-04-22T14:01:32.158Z [http] GET /api/v1/products 200 - 10.549 ms [Payload]: {}

2023-04-22T14:01:32.959Z [http] GET /api/v1/products 200 - 4.967 ms [Payload]: {}

2023-04-22T14:01:33.425Z [http] GET /api/v1/products 200 - 2.406 ms [Payload]: {}

2023-04-22T14:01:33.780Z [http] GET /api/v1/products 200 - 4.245 ms [Payload]: {}

2023-04-22T14:01:34.089Z [http] GET /api/v1/products 200 - 3.213 ms [Payload]: {}

2023-04-22T14:02:01.246Z [http] GET /api/v1/products 200 - 4.452 ms [Payload]: {}

2023-04-22T14:02:15.540Z [http] GET /api/v1/products 200 - 53.520 ms [Payload]: {}

2023-04-22T14:03:07.384Z [http] GET /api/v1/products 200 - 15.934 ms [Payload]: {}

2023-04-22T14:08:55.969Z [http] POST /api/v1/auth/login 401 - 45.267 ms [Payload]: {"email":"admin@allcarebusiness.com","password":"admin2023"}

2023-04-22T14:08:58.284Z [http] POST /api/v1/auth/login 401 - 4.235 ms [Payload]: {"email":"admin@allcarebusiness.com","password":"admin2023"}

2023-04-22T14:09:26.579Z [http] POST /api/v1/auth/login 401 - 4.038 ms [Payload]: {"email":"admin@allcarebusiness.com","password":"admin2023"}

2023-04-22T14:09:32.364Z [http] POST /api/v1/auth/login 200 - 58.243 ms [Payload]: {"email":"admin@allcarebusiness.com","password":"admin2023"}

2023-04-22T14:09:37.206Z [http] GET /api/v1/products 200 - 35.519 ms [Payload]: {}

2023-04-22T14:09:41.259Z [http] GET /api/v1/products 401 - 0.178 ms [Payload]: {}

2023-04-22T14:10:16.789Z [http] GET /api/v1/products 200 - 56.357 ms [Payload]: {}

2023-04-22T14:10:23.308Z [http] GET /api/v1/products/338633 404 - 2.635 ms [Payload]: {}

2023-04-22T14:10:37.298Z [http] GET /api/v1/products/338633 200 - 53.748 ms [Payload]: {}

2023-04-22T14:10:38.812Z [http] GET /api/v1/products/338633 200 - 1.943 ms [Payload]: {}

2023-04-22T14:10:39.373Z [http] GET /api/v1/products/338633 200 - 2.042 ms [Payload]: {}

2023-04-22T14:10:39.822Z [http] GET /api/v1/products/338633 200 - 4.110 ms [Payload]: {}

2023-04-22T14:10:40.179Z [http] GET /api/v1/products/338633 200 - 3.074 ms [Payload]: {}

